dfhack: hooking successful
Identifying DF version.
Loading hack/symbols.xml ... OK
Dummy symbol table entry: start_dwarf_count
Dummy symbol table entry: start_dwarf_count
Dummy symbol table entry: start_dwarf_count
Dummy symbol table entry: debug_nopause
Dummy symbol table entry: debug_nomoods
Dummy symbol table entry: debug_combat
Dummy symbol table entry: debug_wildlife
Dummy symbol table entry: debug_nodrink
Dummy symbol table entry: debug_noeat
Dummy symbol table entry: debug_nosleep
Dummy symbol table entry: debug_showambush
Dummy symbol table entry: debug_fastmining
Dummy symbol table entry: debug_noberserk
Dummy symbol table entry: debug_turbospeed
Dummy symbol table entry: save_on_exit
Dummy symbol table entry: start_dwarf_count
Loaded 4 DF symbol tables.
Version: v0.40.23 linux
Initializing Console.
Console is running.
<vtable-address name='renderer' value='0xf75e0168'/>
Initializing Plugins.
world: 2456548 ui: 28440 b_stock: 1272
d_init: 372
Starting IO thread.
Starting DF input capture thread.
Starting the TCP listener.
DFHack is running.
Invoking: keybinding add Ctrl-F1 hotkeys
Invoking: keybinding add Alt-F1 hotkeys
Invoking: keybinding add Ctrl-W twaterlvl
Invoking: keybinding add Ctrl-V digv
Invoking: keybinding add Ctrl-Shift-V "digv x"
Invoking: keybinding add Ctrl-C spotclean
Invoking: keybinding add Ctrl-Shift-K autodump-destroy-here
Invoking: keybinding add Alt-Shift-I@dwarfmode/Zones "zone set"
Invoking: keybinding add Ctrl-K autodump-destroy-item
Invoking: keybinding add Ctrl-Alt-S@dwarfmode/Default quicksave
Invoking: keybinding add Ctrl-Shift-N gui/rename
Invoking: keybinding add Ctrl-Shift-T "gui/rename unit-profession"
Invoking: keybinding add Ctrl-Shift-P command-prompt
Invoking: keybinding add Alt-M@dwarfmode/Default "dwarfmonitor prefs"
Invoking: keybinding add Ctrl-F@dwarfmode/Default "dwarfmonitor stats"
Invoking: keybinding add Ctrl-Shift-F@dwarfmode forum-dwarves
Invoking: keybinding add Ctrl-B@dungeonmode adv-bodyswap
Invoking: keybinding add Ctrl-Shift-B@dungeonmode "adv-bodyswap force"
Invoking: keybinding add Shift-O@dungeonmode gui/companion-order
Invoking: keybinding add Ctrl-A@legends "exportlegends all"
Invoking: keybinding add Ctrl-Shift-Z@dwarfmode/Default "stocks show"
Invoking: keybinding add Ctrl-Shift-I@dwarfmode/Default "gui/dfstatus"
Invoking: keybinding add Alt-P copystock
Invoking: keybinding add Alt-L@dwarfmode/QueryBuilding/Some/Stockpile "gui/stockpiles -load"
Invoking: keybinding add Alt-S@dwarfmode/QueryBuilding/Some/Stockpile "gui/stockpiles -save"
Invoking: keybinding add Ctrl-D job-duplicate
Invoking: keybinding add Shift-A "job-material ALUNITE"
Invoking: keybinding add Shift-M "job-material MICROCLINE"
Invoking: keybinding add Shift-D "job-material DACITE"
Invoking: keybinding add Shift-R "job-material RHYOLITE"
Invoking: keybinding add Shift-I "job-material CINNABAR"
Invoking: keybinding add Shift-B "job-material COBALTITE"
Invoking: keybinding add Shift-O "job-material OBSIDIAN"
Invoking: keybinding add Shift-T "job-material ORTHOCLASE"
Invoking: keybinding add Shift-G "job-material GLASS_GREEN"
Invoking: keybinding add Alt-Shift-N "sort-units name" "sort-items description"
Invoking: keybinding add Alt-Shift-R "sort-units arrival"
Invoking: keybinding add Alt-Shift-T "sort-units profession" "sort-items type material"
Invoking: keybinding add Alt-Shift-Q "sort-units squad_position" "sort-items quality"
Invoking: keybinding add Ctrl-M@dwarfmode/QueryBuilding/Some gui/mechanisms
Invoking: keybinding add Alt-R@dwarfmode/QueryBuilding/Some gui/room-list
Invoking: keybinding add Alt-L@dwarfmode/LookAround gui/liquids
Invoking: keybinding add Ctrl-Shift-M@dwarfmode/Build/Position/Trap gui/power-meter
Invoking: keybinding add Alt-A@dwarfmode/QueryBuilding/Some/SiegeEngine gui/siege-engine
Invoking: keybinding add Ctrl-W@layer_military/Equip/Customize/View gui/choose-weapons
Invoking: keybinding add Ctrl-C@layer_military/Uniforms gui/clone-uniform
Invoking: keybinding add Alt-P@dwarfmode/Hauling/DefineStop/Cond/Guide gui/guide-path
Invoking: keybinding add Alt-A@dwarfmode/QueryBuilding/Some/Workshop/Job gui/workshop-job
Invoking: keybinding add Alt-W@dwarfmode/QueryBuilding/Some/Workshop/Job gui/workflow
Invoking: keybinding add Alt-W@overallstatus "gui/workflow status"
Invoking: keybinding add Shift-B@pet/List/Unit "gui/autobutcher"
Invoking: keybinding add P@dwarfmode/QueryBuilding/Some/Weaponrack gui/assign-rack
Invoking: tweak stable-cursor
Invoking: tweak advmode-contained
Invoking: tweak fast-trade
Invoking: tweak military-stable-assign
Invoking: tweak military-color-assigned
Invoking: tweak craft-age-wear
Invoking: tweak farm-plot-select
Invoking: tweak import-priority-category
Invoking: tweak civ-view-agreement
Invoking: tweak max-wheelbarrow
Invoking: enable manipulator
Invoking: enable search
Invoking: enable automaterial
Invoking: enable dwarfmonitor mousequery automelt autotrade buildingplan resume trackstop zone stocks autochop stockpiles
Invoking: stockflow enable
Invoking: soundsense-season
Invoking: log-region
Console is shutting down properly.
